build/app/intermediates/manifest_merge_blame_file/release/manifest-merger-blame-release-report.txt
1<?xml version="1.0" encoding="utf-8"?>
2<manifest xmlns:android="http://schemas.android.com/apk/res/android"
3    package="com.example.cta"
4    android:versionCode="1"
5    android:versionName="1.0.0" >
6
7    <uses-sdk
8        android:minSdkVersion="23"
8-->src\main\AndroidManifest.xml
9        android:targetSdkVersion="34" />
9-->src\main\AndroidManifest.xml
10
11    <uses-permission android:name="android.permission.INTERNET" />
11-->src\main\AndroidManifest.xml:3:5-67
11-->src\main\AndroidManifest.xml:3:22-64
12    <!--
13         Required to query activities that can process text, see:
14         https://developer.android.com/training/package-visibility and
15         https://developer.android.com/reference/android/content/Intent#ACTION_PROCESS_TEXT.
16
17         In particular, this is used by the Flutter engine in io.flutter.plugin.text.ProcessTextPlugin.
18    -->
19    <queries>
19-->src\main\AndroidManifest.xml:42:5-47:15
20        <intent>
20-->src\main\AndroidManifest.xml:43:9-46:18
21            <action android:name="android.intent.action.PROCESS_TEXT" />
21-->src\main\AndroidManifest.xml:44:13-72
21-->src\main\AndroidManifest.xml:44:21-70
22
23            <data android:mimeType="text/plain" />
23-->src\main\AndroidManifest.xml:45:13-50
23-->src\main\AndroidManifest.xml:45:19-48
24        </intent>
25    </queries>
26
27    <uses-permission android:name="android.permission.ACCESS_NETWORK_STATE" />
27-->[com.google.firebase:firebase-auth:23.0.0] AndroidManifest.xml:26:5-79
27-->[com.google.firebase:firebase-auth:23.0.0] AndroidManifest.xml:26:22-76
28    <uses-permission android:name="com.google.android.providers.gsf.permission.READ_GSERVICES" />
28-->[com.google.android.recaptcha:recaptcha:18.4.0] AndroidManifest.xml:9:5-98
28-->[com.google.android.recaptcha:recaptcha:18.4.0] AndroidManifest.xml:9:22-95
29
30    <application
31        android:name="android.app.Application"
31-->src\main\AndroidManifest.xml:7:9-42
32        android:appComponentFactory="androidx.core.app.CoreComponentFactory"
32-->[androidx.core:core:1.6.0] AndroidManifest.xml:24:18-86
33        android:extractNativeLibs="false"
34        android:icon="@mipmap/ic_launcher"
34-->src\main\AndroidManifest.xml:8:9-43
35        android:label="cta" >
35-->src\main\AndroidManifest.xml:6:9-28
36        <activity
36-->src\main\AndroidManifest.xml:9:9-30:20
37            android:name="com.example.cta.MainActivity"
37-->src\main\AndroidManifest.xml:10:13-41
38            android:configChanges="orientation|keyboardHidden|keyboard|screenSize|smallestScreenSize|locale|layoutDirection|fontScale|screenLayout|density|uiMode"
38-->src\main\AndroidManifest.xml:15:13-163
39            android:exported="true"
39-->src\main\AndroidManifest.xml:11:13-36
40            android:hardwareAccelerated="true"
40-->src\main\AndroidManifest.xml:16:13-47
41            android:launchMode="singleTop"
41-->src\main\AndroidManifest.xml:12:13-43
42            android:taskAffinity=""
42-->src\main\AndroidManifest.xml:13:13-36
43            android:theme="@style/LaunchTheme"
43-->src\main\AndroidManifest.xml:14:13-47
44            android:windowSoftInputMode="adjustResize" >
44-->src\main\AndroidManifest.xml:17:13-55
45
46            <!--
47                 Specifies an Android theme to apply to this Activity as soon as
48                 the Android process has started. This theme is visible to the user
49                 while the Flutter UI initializes. After that, this theme continues
50                 to determine the Window background behind the Flutter UI.
51            -->
52            <meta-data
52-->src\main\AndroidManifest.xml:22:13-25:17
53                android:name="io.flutter.embedding.android.NormalTheme"
53-->src\main\AndroidManifest.xml:23:15-70
54                android:resource="@style/NormalTheme" />
54-->src\main\AndroidManifest.xml:24:15-52
55
56            <intent-filter>
56-->src\main\AndroidManifest.xml:26:13-29:29
57                <action android:name="android.intent.action.MAIN" />
57-->src\main\AndroidManifest.xml:27:17-68
57-->src\main\AndroidManifest.xml:27:25-66
58
59                <category android:name="android.intent.category.LAUNCHER" />
59-->src\main\AndroidManifest.xml:28:17-76
59-->src\main\AndroidManifest.xml:28:27-74
60            </intent-filter>
61        </activity>
62        <!--
63             Don't delete the meta-data below.
64             This is used by the Flutter tool to generate GeneratedPluginRegistrant.java
65        -->
66        <meta-data
66-->src\main\AndroidManifest.xml:33:9-35:33
67            android:name="flutterEmbedding"
67-->src\main\AndroidManifest.xml:34:13-44
68            android:value="2" />
68-->src\main\AndroidManifest.xml:35:13-30
69
70        <service
70-->[:firebase_auth] AndroidManifest.xml:10:9-14:19
71            android:name="com.google.firebase.components.ComponentDiscoveryService"
71-->[:firebase_auth] AndroidManifest.xml:10:18-89
72            android:directBootAware="true"
72-->[com.google.firebase:firebase-common:21.0.0] AndroidManifest.xml:32:13-43
73            android:exported="false" >
73-->[com.google.firebase:firebase-auth:23.0.0] AndroidManifest.xml:68:13-37
74            <meta-data
74-->[:firebase_auth] AndroidManifest.xml:11:13-13:85
75                android:name="com.google.firebase.components:io.flutter.plugins.firebase.auth.FlutterFirebaseAuthRegistrar"
75-->[:firebase_auth] AndroidManifest.xml:12:17-124
76                android:value="com.google.firebase.components.ComponentRegistrar" />
76-->[:firebase_auth] AndroidManifest.xml:13:17-82
77            <meta-data
77-->[:firebase_core] AndroidManifest.xml:11:13-13:85
78                android:name="com.google.firebase.components:io.flutter.plugins.firebase.core.FlutterFirebaseCoreRegistrar"
78-->[:firebase_core] AndroidManifest.xml:12:17-124
79                android:value="com.google.firebase.components.ComponentRegistrar" />
79-->[:firebase_core] AndroidManifest.xml:13:17-82
80            <meta-data
80-->[com.google.firebase:firebase-auth:23.0.0] AndroidManifest.xml:69:13-71:85
81                android:name="com.google.firebase.components:com.google.firebase.auth.FirebaseAuthRegistrar"
81-->[com.google.firebase:firebase-auth:23.0.0] AndroidManifest.xml:70:17-109
82                android:value="com.google.firebase.components.ComponentRegistrar" />
82-->[com.google.firebase:firebase-auth:23.0.0] AndroidManifest.xml:71:17-82
83            <meta-data
83-->[com.google.firebase:firebase-common-ktx:21.0.0] AndroidManifest.xml:12:13-14:85
84                android:name="com.google.firebase.components:com.google.firebase.ktx.FirebaseCommonLegacyRegistrar"
84-->[com.google.firebase:firebase-common-ktx:21.0.0] AndroidManifest.xml:13:17-116
85                android:value="com.google.firebase.components.ComponentRegistrar" />
85-->[com.google.firebase:firebase-common-ktx:21.0.0] AndroidManifest.xml:14:17-82
86            <meta-data
86-->[com.google.firebase:firebase-common:21.0.0] AndroidManifest.xml:35:13-37:85
87                android:name="com.google.firebase.components:com.google.firebase.FirebaseCommonKtxRegistrar"
87-->[com.google.firebase:firebase-common:21.0.0] AndroidManifest.xml:36:17-109
88                android:value="com.google.firebase.components.ComponentRegistrar" />
88-->[com.google.firebase:firebase-common:21.0.0] AndroidManifest.xml:37:17-82
89        </service>
90
91        <activity
91-->[com.google.firebase:firebase-auth:23.0.0] AndroidManifest.xml:29:9-46:20
92            android:name="com.google.firebase.auth.internal.GenericIdpActivity"
92-->[com.google.firebase:firebase-auth:23.0.0] AndroidManifest.xml:30:13-80
93            android:excludeFromRecents="true"
93-->[com.google.firebase:firebase-auth:23.0.0] AndroidManifest.xml:31:13-46
94            android:exported="true"
94-->[com.google.firebase:firebase-auth:23.0.0] AndroidManifest.xml:32:13-36
95            android:launchMode="singleTask"
95-->[com.google.firebase:firebase-auth:23.0.0] AndroidManifest.xml:33:13-44
96            android:theme="@android:style/Theme.Translucent.NoTitleBar" >
96-->[com.google.firebase:firebase-auth:23.0.0] AndroidManifest.xml:34:13-72
97            <intent-filter>
97-->[com.google.firebase:firebase-auth:23.0.0] AndroidManifest.xml:35:13-45:29
98                <action android:name="android.intent.action.VIEW" />
98-->[com.google.firebase:firebase-auth:23.0.0] AndroidManifest.xml:36:17-69
98-->[com.google.firebase:firebase-auth:23.0.0] AndroidManifest.xml:36:25-66
99
100                <category android:name="android.intent.category.DEFAULT" />
100-->[com.google.firebase:firebase-auth:23.0.0] AndroidManifest.xml:38:17-76
100-->[com.google.firebase:firebase-auth:23.0.0] AndroidManifest.xml:38:27-73
101                <category android:name="android.intent.category.BROWSABLE" />
101-->[com.google.firebase:firebase-auth:23.0.0] AndroidManifest.xml:39:17-78
101-->[com.google.firebase:firebase-auth:23.0.0] AndroidManifest.xml:39:27-75
102
103                <data
103-->src\main\AndroidManifest.xml:45:13-50
104                    android:host="firebase.auth"
105                    android:path="/"
106                    android:scheme="genericidp" />
107            </intent-filter>
108        </activity>
109        <activity
109-->[com.google.firebase:firebase-auth:23.0.0] AndroidManifest.xml:47:9-64:20
110            android:name="com.google.firebase.auth.internal.RecaptchaActivity"
110-->[com.google.firebase:firebase-auth:23.0.0] AndroidManifest.xml:48:13-79
111            android:excludeFromRecents="true"
111-->[com.google.firebase:firebase-auth:23.0.0] AndroidManifest.xml:49:13-46
112            android:exported="true"
112-->[com.google.firebase:firebase-auth:23.0.0] AndroidManifest.xml:50:13-36
113            android:launchMode="singleTask"
113-->[com.google.firebase:firebase-auth:23.0.0] AndroidManifest.xml:51:13-44
114            android:theme="@android:style/Theme.Translucent.NoTitleBar" >
114-->[com.google.firebase:firebase-auth:23.0.0] AndroidManifest.xml:52:13-72
115            <intent-filter>
115-->[com.google.firebase:firebase-auth:23.0.0] AndroidManifest.xml:53:13-63:29
116                <action android:name="android.intent.action.VIEW" />
116-->[com.google.firebase:firebase-auth:23.0.0] AndroidManifest.xml:36:17-69
116-->[com.google.firebase:firebase-auth:23.0.0] AndroidManifest.xml:36:25-66
117
118                <category android:name="android.intent.category.DEFAULT" />
118-->[com.google.firebase:firebase-auth:23.0.0] AndroidManifest.xml:38:17-76
118-->[com.google.firebase:firebase-auth:23.0.0] AndroidManifest.xml:38:27-73
119                <category android:name="android.intent.category.BROWSABLE" />
119-->[com.google.firebase:firebase-auth:23.0.0] AndroidManifest.xml:39:17-78
119-->[com.google.firebase:firebase-auth:23.0.0] AndroidManifest.xml:39:27-75
120
121                <data
121-->src\main\AndroidManifest.xml:45:13-50
122                    android:host="firebase.auth"
123                    android:path="/"
124                    android:scheme="recaptcha" />
125            </intent-filter>
126        </activity>
127
128        <service
128-->[androidx.credentials:credentials-play-services-auth:1.2.0-rc01] AndroidManifest.xml:24:9-32:19
129            android:name="androidx.credentials.playservices.CredentialProviderMetadataHolder"
129-->[androidx.credentials:credentials-play-services-auth:1.2.0-rc01] AndroidManifest.xml:25:13-94
130            android:enabled="true"
130-->[androidx.credentials:credentials-play-services-auth:1.2.0-rc01] AndroidManifest.xml:26:13-35
131            android:exported="false" >
131-->[androidx.credentials:credentials-play-services-auth:1.2.0-rc01] AndroidManifest.xml:27:13-37
132            <meta-data
132-->[androidx.credentials:credentials-play-services-auth:1.2.0-rc01] AndroidManifest.xml:29:13-31:104
133                android:name="androidx.credentials.CREDENTIAL_PROVIDER_KEY"
133-->[androidx.credentials:credentials-play-services-auth:1.2.0-rc01] AndroidManifest.xml:30:17-76
134                android:value="androidx.credentials.playservices.CredentialProviderPlayServicesImpl" />
134-->[androidx.credentials:credentials-play-services-auth:1.2.0-rc01] AndroidManifest.xml:31:17-101
135        </service>
136
137        <activity
137-->[androidx.credentials:credentials-play-services-auth:1.2.0-rc01] AndroidManifest.xml:34:9-41:20
138            android:name="androidx.credentials.playservices.HiddenActivity"
138-->[androidx.credentials:credentials-play-services-auth:1.2.0-rc01] AndroidManifest.xml:35:13-76
139            android:configChanges="orientation|screenSize|screenLayout|keyboardHidden"
139-->[androidx.credentials:credentials-play-services-auth:1.2.0-rc01] AndroidManifest.xml:36:13-87
140            android:enabled="true"
140-->[androidx.credentials:credentials-play-services-auth:1.2.0-rc01] AndroidManifest.xml:37:13-35
141            android:exported="false"
141-->[androidx.credentials:credentials-play-services-auth:1.2.0-rc01] AndroidManifest.xml:38:13-37
142            android:fitsSystemWindows="true"
142-->[androidx.credentials:credentials-play-services-auth:1.2.0-rc01] AndroidManifest.xml:39:13-45
143            android:theme="@style/Theme.Hidden" >
143-->[androidx.credentials:credentials-play-services-auth:1.2.0-rc01] AndroidManifest.xml:40:13-48
144        </activity>
145
146        <provider
146-->[com.google.firebase:firebase-common:21.0.0] AndroidManifest.xml:23:9-28:39
147            android:name="com.google.firebase.provider.FirebaseInitProvider"
147-->[com.google.firebase:firebase-common:21.0.0] AndroidManifest.xml:24:13-77
148            android:authorities="com.example.cta.firebaseinitprovider"
148-->[com.google.firebase:firebase-common:21.0.0] AndroidManifest.xml:25:13-72
149            android:directBootAware="true"
149-->[com.google.firebase:firebase-common:21.0.0] AndroidManifest.xml:26:13-43
150            android:exported="false"
150-->[com.google.firebase:firebase-common:21.0.0] AndroidManifest.xml:27:13-37
151            android:initOrder="100" />
151-->[com.google.firebase:firebase-common:21.0.0] AndroidManifest.xml:28:13-36
152
153        <uses-library
153-->[androidx.window:window:1.0.0-beta04] AndroidManifest.xml:25:9-27:40
154            android:name="androidx.window.extensions"
154-->[androidx.window:window:1.0.0-beta04] AndroidManifest.xml:26:13-54
155            android:required="false" />
155-->[androidx.window:window:1.0.0-beta04] AndroidManifest.xml:27:13-37
156        <uses-library
156-->[androidx.window:window:1.0.0-beta04] AndroidManifest.xml:28:9-30:40
157            android:name="androidx.window.sidecar"
157-->[androidx.window:window:1.0.0-beta04] AndroidManifest.xml:29:13-51
158            android:required="false" />
158-->[androidx.window:window:1.0.0-beta04] AndroidManifest.xml:30:13-37
159
160        <activity
160-->[com.google.android.gms:play-services-auth:20.7.0] AndroidManifest.xml:23:9-27:75
161            android:name="com.google.android.gms.auth.api.signin.internal.SignInHubActivity"
161-->[com.google.android.gms:play-services-auth:20.7.0] AndroidManifest.xml:24:13-93
162            android:excludeFromRecents="true"
162-->[com.google.android.gms:play-services-auth:20.7.0] AndroidManifest.xml:25:13-46
163            android:exported="false"
163-->[com.google.android.gms:play-services-auth:20.7.0] AndroidManifest.xml:26:13-37
164            android:theme="@android:style/Theme.Translucent.NoTitleBar" />
164-->[com.google.android.gms:play-services-auth:20.7.0] AndroidManifest.xml:27:13-72
165        <!--
166            Service handling Google Sign-In user revocation. For apps that do not integrate with
167            Google Sign-In, this service will never be started.
168        -->
169        <service
169-->[com.google.android.gms:play-services-auth:20.7.0] AndroidManifest.xml:33:9-37:51
170            android:name="com.google.android.gms.auth.api.signin.RevocationBoundService"
170-->[com.google.android.gms:play-services-auth:20.7.0] AndroidManifest.xml:34:13-89
171            android:exported="true"
171-->[com.google.android.gms:play-services-auth:20.7.0] AndroidManifest.xml:35:13-36
172            android:permission="com.google.android.gms.auth.api.signin.permission.REVOCATION_NOTIFICATION"
172-->[com.google.android.gms:play-services-auth:20.7.0] AndroidManifest.xml:36:13-107
173            android:visibleToInstantApps="true" />
173-->[com.google.android.gms:play-services-auth:20.7.0] AndroidManifest.xml:37:13-48
174
175        <activity
175-->[com.google.android.gms:play-services-base:18.0.1] AndroidManifest.xml:20:9-22:45
176            android:name="com.google.android.gms.common.api.GoogleApiActivity"
176-->[com.google.android.gms:play-services-base:18.0.1] AndroidManifest.xml:20:19-85
177            android:exported="false"
177-->[com.google.android.gms:play-services-base:18.0.1] AndroidManifest.xml:22:19-43
178            android:theme="@android:style/Theme.Translucent.NoTitleBar" />
178-->[com.google.android.gms:play-services-base:18.0.1] AndroidManifest.xml:21:19-78
179
180        <meta-data
180-->[com.google.android.gms:play-services-basement:18.3.0] AndroidManifest.xml:21:9-23:69
181            android:name="com.google.android.gms.version"
181-->[com.google.android.gms:play-services-basement:18.3.0] AndroidManifest.xml:22:13-58
182            android:value="@integer/google_play_services_version" />
182-->[com.google.android.gms:play-services-basement:18.3.0] AndroidManifest.xml:23:13-66
183    </application>
184
185</manifest>